D:\DOCUMENTS\VISUAL STUDIO 2012\PROJECTS\DVCPLUGIN\DVCPLUGIN\DEBUG\DVCPLUGIN.PCH
D:\DOCUMENTS\VISUAL STUDIO 2012\PROJECTS\DVCPLUGIN\DVCPLUGIN\DEBUG\STDAFX.OBJ
D:\DOCUMENTS\VISUAL STUDIO 2012\PROJECTS\DVCPLUGIN\DVCPLUGIN\DEBUG\VC110.PDB
D:\DOCUMENTS\VISUAL STUDIO 2012\PROJECTS\DVCPLUGIN\DVCPLUGIN\DEBUG\DLLMAIN.OBJ
D:\DOCUMENTS\VISUAL STUDIO 2012\PROJECTS\DVCPLUGIN\DVCPLUGIN\DEBUG\DVCPLUGIN.OBJ
D:\DOCUMENTS\VISUAL STUDIO 2012\PROJECTS\DVCPLUGIN\DVCPLUGIN\DEBUG\DVCSAMPLEPLUGIN.OBJ
D:\DOCUMENTS\VISUAL STUDIO 2012\PROJECTS\DVCPLUGIN\DVCPLUGIN\DEBUG\DVCPLUGIN_I.OBJ
D:\Documents\Visual Studio 2012\Projects\DVCPlugin\Debug\DVCPlugin.lib
D:\Documents\Visual Studio 2012\Projects\DVCPlugin\Debug\DVCPlugin.exp
D:\DOCUMENTS\VISUAL STUDIO 2012\PROJECTS\DVCPLUGIN\DEBUG\DVCPLUGIN.ILK
D:\DOCUMENTS\VISUAL STUDIO 2012\PROJECTS\DVCPLUGIN\DEBUG\DVCPLUGIN.DLL
D:\DOCUMENTS\VISUAL STUDIO 2012\PROJECTS\DVCPLUGIN\DEBUG\DVCPLUGIN.PDB
D:\DOCUMENTS\VISUAL STUDIO 2012\PROJECTS\DVCPLUGIN\DVCPLUGIN\DEBUG\DVCPLUGIN.TLB
D:\DOCUMENTS\VISUAL STUDIO 2012\PROJECTS\DVCPLUGIN\DVCPLUGIN\DVCPLUGIN_I.C
D:\DOCUMENTS\VISUAL STUDIO 2012\PROJECTS\DVCPLUGIN\DVCPLUGIN\DVCPLUGIN_I.H
D:\DOCUMENTS\VISUAL STUDIO 2012\PROJECTS\DVCPLUGIN\DVCPLUGIN\DEBUG\DVCPLUGIN.RES
D:\Documents\Visual Studio 2012\Projects\DVCPlugin\DVCPlugin\Debug\dllmain.obj
D:\Documents\Visual Studio 2012\Projects\DVCPlugin\DVCPlugin\Debug\DVCPlugin.obj
D:\Documents\Visual Studio 2012\Projects\DVCPlugin\DVCPlugin\Debug\DVCPlugin_i.obj
D:\Documents\Visual Studio 2012\Projects\DVCPlugin\DVCPlugin\Debug\DVCSamplePlugin.obj
D:\Documents\Visual Studio 2012\Projects\DVCPlugin\DVCPlugin\Debug\stdafx.obj
D:\Documents\Visual Studio 2012\Projects\DVCPlugin\DVCPlugin\Debug\DVCPlugin.tlb
D:\Documents\Visual Studio 2012\Projects\DVCPlugin\DVCPlugin\Debug\cl.command.1.tlog
D:\Documents\Visual Studio 2012\Projects\DVCPlugin\DVCPlugin\Debug\CL.read.1.tlog
D:\Documents\Visual Studio 2012\Projects\DVCPlugin\DVCPlugin\Debug\CL.write.1.tlog
D:\Documents\Visual Studio 2012\Projects\DVCPlugin\DVCPlugin\Debug\DVCPlugin.write.1.tlog
D:\Documents\Visual Studio 2012\Projects\DVCPlugin\DVCPlugin\Debug\link-cvtres.read.1.tlog
D:\Documents\Visual Studio 2012\Projects\DVCPlugin\DVCPlugin\Debug\link-cvtres.write.1.tlog
D:\Documents\Visual Studio 2012\Projects\DVCPlugin\DVCPlugin\Debug\link-rc.read.1.tlog
D:\Documents\Visual Studio 2012\Projects\DVCPlugin\DVCPlugin\Debug\link-rc.write.1.tlog
D:\Documents\Visual Studio 2012\Projects\DVCPlugin\DVCPlugin\Debug\link.command.1.tlog
D:\Documents\Visual Studio 2012\Projects\DVCPlugin\DVCPlugin\Debug\link.read.1.tlog
D:\Documents\Visual Studio 2012\Projects\DVCPlugin\DVCPlugin\Debug\link.write.1.tlog
D:\Documents\Visual Studio 2012\Projects\DVCPlugin\DVCPlugin\Debug\midl-midlc-cl.read.1.tlog
D:\Documents\Visual Studio 2012\Projects\DVCPlugin\DVCPlugin\Debug\midl-midlc.read.1.tlog
D:\Documents\Visual Studio 2012\Projects\DVCPlugin\DVCPlugin\Debug\midl-midlc.write.1.tlog
D:\Documents\Visual Studio 2012\Projects\DVCPlugin\DVCPlugin\Debug\midl.command.1.tlog
D:\Documents\Visual Studio 2012\Projects\DVCPlugin\DVCPlugin\Debug\midl.read.1.tlog
D:\Documents\Visual Studio 2012\Projects\DVCPlugin\DVCPlugin\Debug\midl.write.1.tlog
D:\Documents\Visual Studio 2012\Projects\DVCPlugin\DVCPlugin\Debug\rc.command.1.tlog
D:\Documents\Visual Studio 2012\Projects\DVCPlugin\DVCPlugin\Debug\rc.read.1.tlog
D:\Documents\Visual Studio 2012\Projects\DVCPlugin\DVCPlugin\Debug\rc.write.1.tlog
D:\Documents\Visual Studio 2012\Projects\DVCPlugin\DVCPlugin\Debug\DVCPlugin.res
D:\Documents\Visual Studio 2012\Projects\DVCPlugin\DVCPlugin\Debug\DVCPlugin.pch
D:\Documents\Visual Studio 2012\Projects\DVCPlugin\DVCPlugin\Debug\vc110.idb
D:\Documents\Visual Studio 2012\Projects\DVCPlugin\DVCPlugin\Debug\vc110.pdb
D:\Documents\Visual Studio 2012\Projects\DVCPlugin\Debug\DVCPlugin.pdb
D:\Documents\Visual Studio 2012\Projects\DVCPlugin\Debug\DVCPlugin.dll
D:\Documents\Visual Studio 2012\Projects\DVCPlugin\Debug\DVCPlugin.ilk
