D:\TESTDVC\DVCPLUGIN\X64\DEBUG\DVCPLUGIN.PCH
D:\TESTDVC\DVCPLUGIN\X64\DEBUG\STDAFX.OBJ
D:\TESTDVC\DVCPLUGIN\X64\DEBUG\VC110.PDB
D:\TESTDVC\DVCPLUGIN\X64\DEBUG\DLLMAIN.OBJ
D:\TESTDVC\DVCPLUGIN\X64\DEBUG\DVCPLUGIN.OBJ
D:\TESTDVC\DVCPLUGIN\X64\DEBUG\DVCSAMPLEPLUGIN.OBJ
D:\TESTDVC\DVCPLUGIN\X64\DEBUG\DVCPLUGIN_I.OBJ
D:\testDVC\x64\Debug\DVCPlugin.lib
D:\testDVC\x64\Debug\DVCPlugin.exp
D:\TESTDVC\X64\DEBUG\DVCPLUGIN.ILK
D:\TESTDVC\X64\DEBUG\DVCPLUGIN.DLL
D:\TESTDVC\X64\DEBUG\DVCPLUGIN.PDB
D:\TESTDVC\DVCPLUGIN\X64\DEBUG\DVCPLUGIN.TLB
D:\TESTDVC\DVCPLUGIN\DVCPLUGIN_I.C
D:\TESTDVC\DVCPLUGIN\DVCPLUGIN_I.H
D:\TESTDVC\DVCPLUGIN\X64\DEBUG\DVCPLUGIN.RES
D:\testDVC\DVCPlugin\x64\Debug\dllmain.obj
D:\testDVC\DVCPlugin\x64\Debug\DVCPlugin.obj
D:\testDVC\DVCPlugin\x64\Debug\DVCPlugin_i.obj
D:\testDVC\DVCPlugin\x64\Debug\DVCSamplePlugin.obj
D:\testDVC\DVCPlugin\x64\Debug\stdafx.obj
D:\testDVC\DVCPlugin\x64\Debug\DVCPlugin.tlb
D:\testDVC\DVCPlugin\x64\Debug\cl.command.1.tlog
D:\testDVC\DVCPlugin\x64\Debug\CL.read.1.tlog
D:\testDVC\DVCPlugin\x64\Debug\CL.write.1.tlog
D:\testDVC\DVCPlugin\x64\Debug\DVCPlugin.write.1.tlog
D:\testDVC\DVCPlugin\x64\Debug\link-cvtres.read.1.tlog
D:\testDVC\DVCPlugin\x64\Debug\link-cvtres.write.1.tlog
D:\testDVC\DVCPlugin\x64\Debug\link-rc.read.1.tlog
D:\testDVC\DVCPlugin\x64\Debug\link-rc.write.1.tlog
D:\testDVC\DVCPlugin\x64\Debug\link.command.1.tlog
D:\testDVC\DVCPlugin\x64\Debug\link.read.1.tlog
D:\testDVC\DVCPlugin\x64\Debug\link.write.1.tlog
D:\testDVC\DVCPlugin\x64\Debug\midl-midlc-cl.read.1.tlog
D:\testDVC\DVCPlugin\x64\Debug\midl-midlc.read.1.tlog
D:\testDVC\DVCPlugin\x64\Debug\midl-midlc.write.1.tlog
D:\testDVC\DVCPlugin\x64\Debug\midl.command.1.tlog
D:\testDVC\DVCPlugin\x64\Debug\midl.read.1.tlog
D:\testDVC\DVCPlugin\x64\Debug\midl.write.1.tlog
D:\testDVC\DVCPlugin\x64\Debug\rc.command.1.tlog
D:\testDVC\DVCPlugin\x64\Debug\rc.read.1.tlog
D:\testDVC\DVCPlugin\x64\Debug\rc.write.1.tlog
D:\testDVC\DVCPlugin\x64\Debug\DVCPlugin.res
D:\testDVC\DVCPlugin\x64\Debug\DVCPlugin.pch
D:\testDVC\DVCPlugin\x64\Debug\vc110.idb
D:\testDVC\DVCPlugin\x64\Debug\vc110.pdb
D:\testDVC\x64\Debug\DVCPlugin.pdb
D:\testDVC\x64\Debug\DVCPlugin.dll
D:\testDVC\x64\Debug\DVCPlugin.ilk
